<?xml version="1.0" ?>
<coverage version="7.13.4" timestamp="1771687387935" lines-valid="2608" lines-covered="575" line-rate="0.2205" branches-covered="0" branches-valid="0" branch-rate="0" complexity="0">
	<!-- Generated by coverage.py: https://coverage.readthedocs.io/en/7.13.4 -->
	<!-- Based on https://raw.githubusercontent.com/cobertura/web/master/htdocs/xml/coverage-04.dtd -->
	<sources>
		<source>/home/runner/work/Terminal-Access-for-NVDA/Terminal-Access-for-NVDA/addon/globalPlugins</source>
	</sources>
	<packages>
		<package name="." line-rate="0.2205" branch-rate="0" complexity="0">
			<classes>
				<class name="terminalAccess.py" filename="terminalAccess.py" complexity="0" line-rate="0.2205" branch-rate="0">
					<methods/>
					<lines>
						<line number="73" hits="1"/>
						<line number="74" hits="1"/>
						<line number="75" hits="1"/>
						<line number="76" hits="1"/>
						<line number="77" hits="1"/>
						<line number="78" hits="1"/>
						<line number="79" hits="1"/>
						<line number="80" hits="1"/>
						<line number="81" hits="1"/>
						<line number="82" hits="1"/>
						<line number="83" hits="1"/>
						<line number="84" hits="1"/>
						<line number="85" hits="1"/>
						<line number="86" hits="1"/>
						<line number="87" hits="1"/>
						<line number="88" hits="1"/>
						<line number="89" hits="1"/>
						<line number="90" hits="1"/>
						<line number="91" hits="1"/>
						<line number="93" hits="1"/>
						<line number="94" hits="1"/>
						<line number="95" hits="0"/>
						<line number="96" hits="0"/>
						<line number="99" hits="1"/>
						<line number="102" hits="1"/>
						<line number="103" hits="1"/>
						<line number="104" hits="1"/>
						<line number="105" hits="1"/>
						<line number="108" hits="1"/>
						<line number="109" hits="1"/>
						<line number="110" hits="1"/>
						<line number="111" hits="1"/>
						<line number="114" hits="1"/>
						<line number="122" hits="1"/>
						<line number="123" hits="1"/>
						<line number="124" hits="1"/>
						<line number="125" hits="1"/>
						<line number="128" hits="1"/>
						<line number="148" hits="1"/>
						<line number="151" hits="1"/>
						<line number="184" hits="1"/>
						<line number="185" hits="1"/>
						<line number="187" hits="1"/>
						<line number="189" hits="1"/>
						<line number="190" hits="1"/>
						<line number="192" hits="1"/>
						<line number="202" hits="0"/>
						<line number="203" hits="0"/>
						<line number="204" hits="0"/>
						<line number="205" hits="0"/>
						<line number="207" hits="0"/>
						<line number="208" hits="0"/>
						<line number="211" hits="0"/>
						<line number="212" hits="0"/>
						<line number="214" hits="1"/>
						<line number="223" hits="0"/>
						<line number="225" hits="0"/>
						<line number="227" hits="0"/>
						<line number="228" hits="0"/>
						<line number="230" hits="0"/>
						<line number="231" hits="0"/>
						<line number="232" hits="0"/>
						<line number="234" hits="1"/>
						<line number="236" hits="1"/>
						<line number="237" hits="1"/>
						<line number="239" hits="1"/>
						<line number="246" hits="0"/>
						<line number="247" hits="0"/>
						<line number="248" hits="0"/>
						<line number="249" hits="0"/>
						<line number="252" hits="1"/>
						<line number="299" hits="1"/>
						<line number="306" hits="1"/>
						<line number="314" hits="1"/>
						<line number="326" hits="1"/>
						<line number="328" hits="0"/>
						<line number="329" hits="0"/>
						<line number="330" hits="0"/>
						<line number="331" hits="0"/>
						<line number="332" hits="0"/>
						<line number="333" hits="0"/>
						<line number="334" hits="0"/>
						<line number="335" hits="0"/>
						<line number="336" hits="0"/>
						<line number="337" hits="0"/>
						<line number="338" hits="0"/>
						<line number="340" hits="1"/>
						<line number="342" hits="0"/>
						<line number="343" hits="0"/>
						<line number="344" hits="0"/>
						<line number="345" hits="0"/>
						<line number="346" hits="0"/>
						<line number="347" hits="0"/>
						<line number="348" hits="0"/>
						<line number="349" hits="0"/>
						<line number="350" hits="0"/>
						<line number="351" hits="0"/>
						<line number="353" hits="1"/>
						<line number="369" hits="0"/>
						<line number="370" hits="0"/>
						<line number="372" hits="0"/>
						<line number="373" hits="0"/>
						<line number="374" hits="0"/>
						<line number="376" hits="0"/>
						<line number="378" hits="1"/>
						<line number="380" hits="0"/>
						<line number="381" hits="0"/>
						<line number="382" hits="0"/>
						<line number="385" hits="0"/>
						<line number="386" hits="0"/>
						<line number="389" hits="0"/>
						<line number="390" hits="0"/>
						<line number="393" hits="0"/>
						<line number="394" hits="0"/>
						<line number="397" hits="0"/>
						<line number="398" hits="0"/>
						<line number="399" hits="0"/>
						<line number="400" hits="0"/>
						<line number="401" hits="0"/>
						<line number="402" hits="0"/>
						<line number="403" hits="0"/>
						<line number="404" hits="0"/>
						<line number="405" hits="0"/>
						<line number="406" hits="0"/>
						<line number="407" hits="0"/>
						<line number="408" hits="0"/>
						<line number="409" hits="0"/>
						<line number="410" hits="0"/>
						<line number="411" hits="0"/>
						<line number="412" hits="0"/>
						<line number="413" hits="0"/>
						<line number="414" hits="0"/>
						<line number="417" hits="0"/>
						<line number="418" hits="0"/>
						<line number="419" hits="0"/>
						<line number="420" hits="0"/>
						<line number="421" hits="0"/>
						<line number="422" hits="0"/>
						<line number="423" hits="0"/>
						<line number="424" hits="0"/>
						<line number="425" hits="0"/>
						<line number="426" hits="0"/>
						<line number="427" hits="0"/>
						<line number="428" hits="0"/>
						<line number="429" hits="0"/>
						<line number="430" hits="0"/>
						<line number="431" hits="0"/>
						<line number="434" hits="0"/>
						<line number="435" hits="0"/>
						<line number="436" hits="0"/>
						<line number="437" hits="0"/>
						<line number="438" hits="0"/>
						<line number="439" hits="0"/>
						<line number="442" hits="0"/>
						<line number="443" hits="0"/>
						<line number="444" hits="0"/>
						<line number="445" hits="0"/>
						<line number="446" hits="0"/>
						<line number="447" hits="0"/>
						<line number="450" hits="0"/>
						<line number="451" hits="0"/>
						<line number="452" hits="0"/>
						<line number="453" hits="0"/>
						<line number="455" hits="0"/>
						<line number="457" hits="1"/>
						<line number="459" hits="0"/>
						<line number="472" hits="1"/>
						<line number="482" hits="0"/>
						<line number="483" hits="0"/>
						<line number="485" hits="0"/>
						<line number="487" hits="0"/>
						<line number="488" hits="0"/>
						<line number="489" hits="0"/>
						<line number="491" hits="0"/>
						<line number="492" hits="0"/>
						<line number="493" hits="0"/>
						<line number="494" hits="0"/>
						<line number="496" hits="0"/>
						<line number="500" hits="0"/>
						<line number="501" hits="0"/>
						<line number="502" hits="0"/>
						<line number="503" hits="0"/>
						<line number="505" hits="0"/>
						<line number="508" hits="0"/>
						<line number="509" hits="0"/>
						<line number="510" hits="0"/>
						<line number="511" hits="0"/>
						<line number="513" hits="0"/>
						<line number="516" hits="0"/>
						<line number="517" hits="0"/>
						<line number="518" hits="0"/>
						<line number="519" hits="0"/>
						<line number="520" hits="0"/>
						<line number="521" hits="0"/>
						<line number="522" hits="0"/>
						<line number="523" hits="0"/>
						<line number="524" hits="0"/>
						<line number="525" hits="0"/>
						<line number="526" hits="0"/>
						<line number="527" hits="0"/>
						<line number="528" hits="0"/>
						<line number="529" hits="0"/>
						<line number="530" hits="0"/>
						<line number="532" hits="0"/>
						<line number="533" hits="0"/>
						<line number="535" hits="0"/>
						<line number="537" hits="1"/>
						<line number="538" hits="1"/>
						<line number="549" hits="0"/>
						<line number="550" hits="0"/>
						<line number="553" hits="1"/>
						<line number="599" hits="1"/>
						<line number="600" hits="1"/>
						<line number="610" hits="0"/>
						<line number="611" hits="0"/>
						<line number="612" hits="0"/>
						<line number="614" hits="0"/>
						<line number="615" hits="0"/>
						<line number="617" hits="0"/>
						<line number="618" hits="0"/>
						<line number="620" hits="0"/>
						<line number="622" hits="1"/>
						<line number="623" hits="1"/>
						<line number="633" hits="0"/>
						<line number="634" hits="0"/>
						<line number="635" hits="0"/>
						<line number="637" hits="0"/>
						<line number="638" hits="0"/>
						<line number="640" hits="0"/>
						<line number="641" hits="0"/>
						<line number="642" hits="0"/>
						<line number="643" hits="0"/>
						<line number="644" hits="0"/>
						<line number="645" hits="0"/>
						<line number="646" hits="0"/>
						<line number="648" hits="0"/>
						<line number="649" hits="0"/>
						<line number="651" hits="0"/>
						<line number="653" hits="1"/>
						<line number="654" hits="1"/>
						<line number="666" hits="0"/>
						<line number="667" hits="0"/>
						<line number="669" hits="0"/>
						<line number="670" hits="0"/>
						<line number="671" hits="0"/>
						<line number="673" hits="0"/>
						<line number="674" hits="0"/>
						<line number="675" hits="0"/>
						<line number="678" hits="0"/>
						<line number="680" hits="0"/>
						<line number="682" hits="0"/>
						<line number="683" hits="0"/>
						<line number="685" hits="0"/>
						<line number="688" hits="0"/>
						<line number="690" hits="0"/>
						<line number="691" hits="0"/>
						<line number="693" hits="0"/>
						<line number="695" hits="1"/>
						<line number="696" hits="1"/>
						<line number="707" hits="0"/>
						<line number="708" hits="0"/>
						<line number="710" hits="0"/>
						<line number="711" hits="0"/>
						<line number="712" hits="0"/>
						<line number="713" hits="0"/>
						<line number="714" hits="0"/>
						<line number="715" hits="0"/>
						<line number="717" hits="0"/>
						<line number="720" hits="1"/>
						<line number="761" hits="1"/>
						<line number="763" hits="0"/>
						<line number="764" hits="0"/>
						<line number="765" hits="0"/>
						<line number="766" hits="0"/>
						<line number="767" hits="0"/>
						<line number="768" hits="0"/>
						<line number="770" hits="0"/>
						<line number="771" hits="0"/>
						<line number="772" hits="0"/>
						<line number="773" hits="0"/>
						<line number="774" hits="0"/>
						<line number="775" hits="0"/>
						<line number="777" hits="1"/>
						<line number="784" hits="0"/>
						<line number="786" hits="1"/>
						<line number="798" hits="0"/>
						<line number="799" hits="0"/>
						<line number="801" hits="0"/>
						<line number="802" hits="0"/>
						<line number="807" hits="0"/>
						<line number="808" hits="0"/>
						<line number="809" hits="0"/>
						<line number="812" hits="0"/>
						<line number="813" hits="0"/>
						<line number="814" hits="0"/>
						<line number="816" hits="0"/>
						<line number="818" hits="1"/>
						<line number="830" hits="0"/>
						<line number="831" hits="0"/>
						<line number="834" hits="0"/>
						<line number="835" hits="0"/>
						<line number="838" hits="0"/>
						<line number="839" hits="0"/>
						<line number="840" hits="0"/>
						<line number="841" hits="0"/>
						<line number="842" hits="0"/>
						<line number="844" hits="0"/>
						<line number="847" hits="0"/>
						<line number="848" hits="0"/>
						<line number="849" hits="0"/>
						<line number="851" hits="0"/>
						<line number="853" hits="1"/>
						<line number="867" hits="0"/>
						<line number="868" hits="0"/>
						<line number="871" hits="0"/>
						<line number="873" hits="0"/>
						<line number="874" hits="0"/>
						<line number="875" hits="0"/>
						<line number="876" hits="0"/>
						<line number="879" hits="0"/>
						<line number="882" hits="1"/>
						<line number="925" hits="1"/>
						<line number="927" hits="0"/>
						<line number="928" hits="0"/>
						<line number="929" hits="0"/>
						<line number="930" hits="0"/>
						<line number="931" hits="0"/>
						<line number="932" hits="0"/>
						<line number="934" hits="1"/>
						<line number="941" hits="0"/>
						<line number="943" hits="1"/>
						<line number="953" hits="0"/>
						<line number="954" hits="0"/>
						<line number="956" hits="0"/>
						<line number="957" hits="0"/>
						<line number="958" hits="0"/>
						<line number="959" hits="0"/>
						<line number="961" hits="1"/>
						<line number="971" hits="0"/>
						<line number="972" hits="0"/>
						<line number="974" hits="0"/>
						<line number="976" hits="0"/>
						<line number="977" hits="0"/>
						<line number="978" hits="0"/>
						<line number="979" hits="0"/>
						<line number="981" hits="1"/>
						<line number="993" hits="0"/>
						<line number="994" hits="0"/>
						<line number="998" hits="0"/>
						<line number="1000" hits="0"/>
						<line number="1002" hits="0"/>
						<line number="1005" hits="0"/>
						<line number="1007" hits="1"/>
						<line number="1019" hits="0"/>
						<line number="1020" hits="0"/>
						<line number="1022" hits="0"/>
						<line number="1024" hits="0"/>
						<line number="1026" hits="0"/>
						<line number="1028" hits="0"/>
						<line number="1030" hits="0"/>
						<line number="1031" hits="0"/>
						<line number="1033" hits="0"/>
						<line number="1035" hits="0"/>
						<line number="1036" hits="0"/>
						<line number="1037" hits="0"/>
						<line number="1038" hits="0"/>
						<line number="1041" hits="0"/>
						<line number="1043" hits="0"/>
						<line number="1046" hits="0"/>
						<line number="1047" hits="0"/>
						<line number="1048" hits="0"/>
						<line number="1050" hits="0"/>
						<line number="1051" hits="0"/>
						<line number="1053" hits="0"/>
						<line number="1056" hits="1"/>
						<line number="1092" hits="1"/>
						<line number="1106" hits="1"/>
						<line number="1107" hits="1"/>
						<line number="1108" hits="1"/>
						<line number="1109" hits="1"/>
						<line number="1110" hits="1"/>
						<line number="1111" hits="1"/>
						<line number="1112" hits="1"/>
						<line number="1114" hits="1"/>
						<line number="1125" hits="0"/>
						<line number="1129" hits="1"/>
						<line number="1131" hits="0"/>
						<line number="1141" hits="1"/>
						<line number="1142" hits="1"/>
						<line number="1144" hits="0"/>
						<line number="1155" hits="1"/>
						<line number="1196" hits="1"/>
						<line number="1204" hits="1"/>
						<line number="1205" hits="1"/>
						<line number="1208" hits="1"/>
						<line number="1209" hits="1"/>
						<line number="1210" hits="1"/>
						<line number="1211" hits="1"/>
						<line number="1212" hits="1"/>
						<line number="1213" hits="1"/>
						<line number="1214" hits="1"/>
						<line number="1215" hits="1"/>
						<line number="1216" hits="1"/>
						<line number="1219" hits="1"/>
						<line number="1222" hits="1"/>
						<line number="1224" hits="1"/>
						<line number="1227" hits="1"/>
						<line number="1228" hits="1"/>
						<line number="1229" hits="1"/>
						<line number="1231" hits="1"/>
						<line number="1233" hits="0"/>
						<line number="1234" hits="0"/>
						<line number="1235" hits="0"/>
						<line number="1236" hits="0"/>
						<line number="1238" hits="1"/>
						<line number="1240" hits="0"/>
						<line number="1256" hits="1"/>
						<line number="1257" hits="1"/>
						<line number="1259" hits="0"/>
						<line number="1260" hits="0"/>
						<line number="1261" hits="0"/>
						<line number="1262" hits="0"/>
						<line number="1263" hits="0"/>
						<line number="1264" hits="0"/>
						<line number="1265" hits="0"/>
						<line number="1266" hits="0"/>
						<line number="1267" hits="0"/>
						<line number="1268" hits="0"/>
						<line number="1271" hits="0"/>
						<line number="1272" hits="0"/>
						<line number="1274" hits="0"/>
						<line number="1275" hits="0"/>
						<line number="1278" hits="1"/>
						<line number="1330" hits="1"/>
						<line number="1332" hits="1"/>
						<line number="1333" hits="1"/>
						<line number="1334" hits="1"/>
						<line number="1336" hits="1"/>
						<line number="1340" hits="1"/>
						<line number="1341" hits="1"/>
						<line number="1342" hits="1"/>
						<line number="1344" hits="1"/>
						<line number="1345" hits="1"/>
						<line number="1346" hits="1"/>
						<line number="1347" hits="1"/>
						<line number="1350" hits="1"/>
						<line number="1351" hits="1"/>
						<line number="1353" hits="1"/>
						<line number="1354" hits="1"/>
						<line number="1357" hits="1"/>
						<line number="1358" hits="1"/>
						<line number="1360" hits="1"/>
						<line number="1362" hits="1"/>
						<line number="1363" hits="1"/>
						<line number="1366" hits="1"/>
						<line number="1367" hits="1"/>
						<line number="1368" hits="1"/>
						<line number="1369" hits="1"/>
						<line number="1370" hits="1"/>
						<line number="1373" hits="1"/>
						<line number="1374" hits="1"/>
						<line number="1375" hits="1"/>
						<line number="1376" hits="1"/>
						<line number="1379" hits="1"/>
						<line number="1380" hits="1"/>
						<line number="1382" hits="1"/>
						<line number="1383" hits="1"/>
						<line number="1384" hits="1"/>
						<line number="1387" hits="1"/>
						<line number="1388" hits="1"/>
						<line number="1389" hits="1"/>
						<line number="1391" hits="1"/>
						<line number="1392" hits="1"/>
						<line number="1398" hits="1"/>
						<line number="1399" hits="1"/>
						<line number="1400" hits="1"/>
						<line number="1401" hits="1"/>
						<line number="1404" hits="1"/>
						<line number="1405" hits="1"/>
						<line number="1406" hits="1"/>
						<line number="1407" hits="1"/>
						<line number="1408" hits="1"/>
						<line number="1411" hits="1"/>
						<line number="1412" hits="1"/>
						<line number="1413" hits="1"/>
						<line number="1414" hits="1"/>
						<line number="1417" hits="1"/>
						<line number="1418" hits="1"/>
						<line number="1419" hits="1"/>
						<line number="1420" hits="1"/>
						<line number="1421" hits="1"/>
						<line number="1424" hits="1"/>
						<line number="1425" hits="1"/>
						<line number="1426" hits="1"/>
						<line number="1427" hits="1"/>
						<line number="1430" hits="1"/>
						<line number="1431" hits="1"/>
						<line number="1432" hits="1"/>
						<line number="1433" hits="1"/>
						<line number="1436" hits="1"/>
						<line number="1437" hits="1"/>
						<line number="1438" hits="1"/>
						<line number="1439" hits="1"/>
						<line number="1442" hits="1"/>
						<line number="1443" hits="1"/>
						<line number="1444" hits="1"/>
						<line number="1445" hits="1"/>
						<line number="1446" hits="1"/>
						<line number="1449" hits="1"/>
						<line number="1450" hits="1"/>
						<line number="1451" hits="1"/>
						<line number="1452" hits="1"/>
						<line number="1455" hits="1"/>
						<line number="1456" hits="1"/>
						<line number="1457" hits="1"/>
						<line number="1458" hits="1"/>
						<line number="1462" hits="1"/>
						<line number="1463" hits="1"/>
						<line number="1464" hits="1"/>
						<line number="1465" hits="1"/>
						<line number="1466" hits="1"/>
						<line number="1467" hits="1"/>
						<line number="1469" hits="1"/>
						<line number="1479" hits="1"/>
						<line number="1481" hits="1"/>
						<line number="1482" hits="1"/>
						<line number="1485" hits="1"/>
						<line number="1486" hits="0"/>
						<line number="1489" hits="1"/>
						<line number="1490" hits="1"/>
						<line number="1493" hits="1"/>
						<line number="1494" hits="0"/>
						<line number="1495" hits="0"/>
						<line number="1496" hits="0"/>
						<line number="1497" hits="0"/>
						<line number="1498" hits="0"/>
						<line number="1499" hits="0"/>
						<line number="1500" hits="0"/>
						<line number="1501" hits="0"/>
						<line number="1502" hits="0"/>
						<line number="1503" hits="0"/>
						<line number="1504" hits="0"/>
						<line number="1505" hits="0"/>
						<line number="1506" hits="0"/>
						<line number="1508" hits="1"/>
						<line number="1509" hits="1"/>
						<line number="1511" hits="1"/>
						<line number="1513" hits="1"/>
						<line number="1515" hits="0"/>
						<line number="1517" hits="1"/>
						<line number="1519" hits="0"/>
						<line number="1521" hits="1"/>
						<line number="1523" hits="0"/>
						<line number="1525" hits="1"/>
						<line number="1527" hits="0"/>
						<line number="1528" hits="0"/>
						<line number="1530" hits="1"/>
						<line number="1532" hits="0"/>
						<line number="1533" hits="0"/>
						<line number="1534" hits="0"/>
						<line number="1535" hits="0"/>
						<line number="1537" hits="1"/>
						<line number="1539" hits="0"/>
						<line number="1540" hits="0"/>
						<line number="1541" hits="0"/>
						<line number="1545" hits="1"/>
						<line number="1559" hits="1"/>
						<line number="1560" hits="1"/>
						<line number="1561" hits="1"/>
						<line number="1562" hits="1"/>
						<line number="1564" hits="0"/>
						<line number="1565" hits="0"/>
						<line number="1568" hits="0"/>
						<line number="1569" hits="0"/>
						<line number="1570" hits="0"/>
						<line number="1571" hits="0"/>
						<line number="1574" hits="0"/>
						<line number="1577" hits="1"/>
						<line number="1591" hits="1"/>
						<line number="1592" hits="0"/>
						<line number="1593" hits="0"/>
						<line number="1596" hits="0"/>
						<line number="1598" hits="1"/>
						<line number="1599" hits="1"/>
						<line number="1600" hits="1"/>
						<line number="1602" hits="0"/>
						<line number="1603" hits="0"/>
						<line number="1606" hits="0"/>
						<line number="1607" hits="0"/>
						<line number="1608" hits="0"/>
						<line number="1609" hits="0"/>
						<line number="1612" hits="0"/>
						<line number="1615" hits="1"/>
						<line number="1628" hits="0"/>
						<line number="1629" hits="0"/>
						<line number="1631" hits="0"/>
						<line number="1632" hits="0"/>
						<line number="1636" hits="0"/>
						<line number="1637" hits="0"/>
						<line number="1641" hits="0"/>
						<line number="1644" hits="1"/>
						<line number="1679" hits="1"/>
						<line number="1681" hits="1"/>
						<line number="1682" hits="1"/>
						<line number="1684" hits="1"/>
						<line number="1687" hits="1"/>
						<line number="1688" hits="1"/>
						<line number="1689" hits="0"/>
						<line number="1691" hits="0"/>
						<line number="1693" hits="1"/>
						<line number="1695" hits="1"/>
						<line number="1706" hits="1"/>
						<line number="1707" hits="1"/>
						<line number="1708" hits="0"/>
						<line number="1709" hits="0"/>
						<line number="1711" hits="1"/>
						<line number="1722" hits="1"/>
						<line number="1724" hits="1"/>
						<line number="1725" hits="1"/>
						<line number="1726" hits="0"/>
						<line number="1728" hits="1"/>
						<line number="1729" hits="1"/>
						<line number="1730" hits="0"/>
						<line number="1731" hits="0"/>
						<line number="1732" hits="0"/>
						<line number="1733" hits="0"/>
						<line number="1735" hits="1"/>
						<line number="1747" hits="1"/>
						<line number="1748" hits="1"/>
						<line number="1749" hits="1"/>
						<line number="1750" hits="1"/>
						<line number="1751" hits="1"/>
						<line number="1752" hits="1"/>
						<line number="1753" hits="1"/>
						<line number="1754" hits="1"/>
						<line number="1757" hits="1"/>
						<line number="1758" hits="1"/>
						<line number="1761" hits="0"/>
						<line number="1763" hits="0"/>
						<line number="1766" hits="0"/>
						<line number="1768" hits="1"/>
						<line number="1771" hits="1"/>
						<line number="1772" hits="1"/>
						<line number="1773" hits="1"/>
						<line number="1774" hits="1"/>
						<line number="1775" hits="1"/>
						<line number="1776" hits="1"/>
						<line number="1777" hits="1"/>
						<line number="1780" hits="1"/>
						<line number="1782" hits="1"/>
						<line number="1784" hits="0"/>
						<line number="1785" hits="0"/>
						<line number="1786" hits="0"/>
						<line number="1787" hits="0"/>
						<line number="1788" hits="0"/>
						<line number="1789" hits="0"/>
						<line number="1790" hits="0"/>
						<line number="1791" hits="0"/>
						<line number="1792" hits="0"/>
						<line number="1793" hits="0"/>
						<line number="1794" hits="0"/>
						<line number="1795" hits="0"/>
						<line number="1796" hits="0"/>
						<line number="1797" hits="0"/>
						<line number="1798" hits="0"/>
						<line number="1801" hits="1"/>
						<line number="1833" hits="1"/>
						<line number="1840" hits="1"/>
						<line number="1841" hits="1"/>
						<line number="1842" hits="1"/>
						<line number="1844" hits="1"/>
						<line number="1846" hits="0"/>
						<line number="1848" hits="1"/>
						<line number="1850" hits="0"/>
						<line number="1851" hits="0"/>
						<line number="1853" hits="1"/>
						<line number="1855" hits="0"/>
						<line number="1856" hits="0"/>
						<line number="1858" hits="1"/>
						<line number="1869" hits="0"/>
						<line number="1870" hits="0"/>
						<line number="1872" hits="0"/>
						<line number="1873" hits="0"/>
						<line number="1875" hits="0"/>
						<line number="1876" hits="0"/>
						<line number="1877" hits="0"/>
						<line number="1878" hits="0"/>
						<line number="1880" hits="1"/>
						<line number="1891" hits="0"/>
						<line number="1892" hits="0"/>
						<line number="1894" hits="0"/>
						<line number="1895" hits="0"/>
						<line number="1897" hits="0"/>
						<line number="1898" hits="0"/>
						<line number="1899" hits="0"/>
						<line number="1900" hits="0"/>
						<line number="1902" hits="1"/>
						<line number="1913" hits="0"/>
						<line number="1916" hits="1"/>
						<line number="1918" hits="0"/>
						<line number="1920" hits="1"/>
						<line number="1922" hits="0"/>
						<line number="1924" hits="1"/>
						<line number="1926" hits="0"/>
						<line number="1928" hits="1"/>
						<line number="1939" hits="0"/>
						<line number="1940" hits="0"/>
						<line number="1942" hits="0"/>
						<line number="1943" hits="0"/>
						<line number="1944" hits="0"/>
						<line number="1945" hits="0"/>
						<line number="1948" hits="0"/>
						<line number="1949" hits="0"/>
						<line number="1951" hits="0"/>
						<line number="1953" hits="1"/>
						<line number="1960" hits="0"/>
						<line number="1967" hits="1"/>
						<line number="1969" hits="0"/>
						<line number="1970" hits="0"/>
						<line number="1971" hits="0"/>
						<line number="1972" hits="0"/>
						<line number="1973" hits="0"/>
						<line number="1974" hits="0"/>
						<line number="1975" hits="0"/>
						<line number="1978" hits="1"/>
						<line number="2012" hits="1"/>
						<line number="2014" hits="1"/>
						<line number="2015" hits="1"/>
						<line number="2017" hits="1"/>
						<line number="2033" hits="0"/>
						<line number="2034" hits="0"/>
						<line number="2036" hits="0"/>
						<line number="2037" hits="0"/>
						<line number="2040" hits="0"/>
						<line number="2041" hits="0"/>
						<line number="2042" hits="0"/>
						<line number="2045" hits="0"/>
						<line number="2046" hits="0"/>
						<line number="2049" hits="0"/>
						<line number="2050" hits="0"/>
						<line number="2053" hits="0"/>
						<line number="2055" hits="0"/>
						<line number="2056" hits="0"/>
						<line number="2057" hits="0"/>
						<line number="2058" hits="0"/>
						<line number="2059" hits="0"/>
						<line number="2060" hits="0"/>
						<line number="2061" hits="0"/>
						<line number="2062" hits="0"/>
						<line number="2064" hits="1"/>
						<line number="2077" hits="0"/>
						<line number="2078" hits="0"/>
						<line number="2079" hits="0"/>
						<line number="2082" hits="0"/>
						<line number="2085" hits="0"/>
						<line number="2086" hits="0"/>
						<line number="2089" hits="0"/>
						<line number="2090" hits="0"/>
						<line number="2092" hits="0"/>
						<line number="2093" hits="0"/>
						<line number="2094" hits="0"/>
						<line number="2096" hits="0"/>
						<line number="2097" hits="0"/>
						<line number="2099" hits="0"/>
						<line number="2101" hits="1"/>
						<line number="2117" hits="0"/>
						<line number="2118" hits="0"/>
						<line number="2119" hits="0"/>
						<line number="2122" hits="0"/>
						<line number="2125" hits="0"/>
						<line number="2126" hits="0"/>
						<line number="2127" hits="0"/>
						<line number="2130" hits="0"/>
						<line number="2131" hits="0"/>
						<line number="2132" hits="0"/>
						<line number="2133" hits="0"/>
						<line number="2135" hits="0"/>
						<line number="2136" hits="0"/>
						<line number="2138" hits="0"/>
						<line number="2139" hits="0"/>
						<line number="2141" hits="0"/>
						<line number="2144" hits="0"/>
						<line number="2145" hits="0"/>
						<line number="2148" hits="0"/>
						<line number="2149" hits="0"/>
						<line number="2150" hits="0"/>
						<line number="2151" hits="0"/>
						<line number="2153" hits="0"/>
						<line number="2154" hits="0"/>
						<line number="2156" hits="0"/>
						<line number="2157" hits="0"/>
						<line number="2159" hits="0"/>
						<line number="2161" hits="0"/>
						<line number="2162" hits="0"/>
						<line number="2164" hits="1"/>
						<line number="2178" hits="0"/>
						<line number="2181" hits="0"/>
						<line number="2182" hits="0"/>
						<line number="2184" hits="0"/>
						<line number="2185" hits="0"/>
						<line number="2188" hits="0"/>
						<line number="2189" hits="0"/>
						<line number="2190" hits="0"/>
						<line number="2191" hits="0"/>
						<line number="2192" hits="0"/>
						<line number="2193" hits="0"/>
						<line number="2195" hits="0"/>
						<line number="2198" hits="0"/>
						<line number="2199" hits="0"/>
						<line number="2200" hits="0"/>
						<line number="2202" hits="0"/>
						<line number="2203" hits="0"/>
						<line number="2206" hits="0"/>
						<line number="2207" hits="0"/>
						<line number="2209" hits="0"/>
						<line number="2211" hits="1"/>
						<line number="2213" hits="1"/>
						<line number="2214" hits="1"/>
						<line number="2216" hits="1"/>
						<line number="2223" hits="0"/>
						<line number="2226" hits="1"/>
						<line number="2241" hits="1"/>
						<line number="2250" hits="0"/>
						<line number="2251" hits="0"/>
						<line number="2252" hits="0"/>
						<line number="2254" hits="0"/>
						<line number="2256" hits="0"/>
						<line number="2258" hits="1"/>
						<line number="2267" hits="0"/>
						<line number="2268" hits="0"/>
						<line number="2277" hits="0"/>
						<line number="2278" hits="0"/>
						<line number="2279" hits="0"/>
						<line number="2281" hits="1"/>
						<line number="2292" hits="0"/>
						<line number="2293" hits="0"/>
						<line number="2294" hits="0"/>
						<line number="2296" hits="0"/>
						<line number="2298" hits="0"/>
						<line number="2300" hits="0"/>
						<line number="2302" hits="1"/>
						<line number="2310" hits="0"/>
						<line number="2311" hits="0"/>
						<line number="2312" hits="0"/>
						<line number="2313" hits="0"/>
						<line number="2315" hits="0"/>
						<line number="2316" hits="0"/>
						<line number="2317" hits="0"/>
						<line number="2318" hits="0"/>
						<line number="2319" hits="0"/>
						<line number="2320" hits="0"/>
						<line number="2321" hits="0"/>
						<line number="2323" hits="1"/>
						<line number="2330" hits="0"/>
						<line number="2331" hits="0"/>
						<line number="2333" hits="1"/>
						<line number="2337" hits="0"/>
						<line number="2338" hits="0"/>
						<line number="2339" hits="0"/>
						<line number="2340" hits="0"/>
						<line number="2342" hits="1"/>
						<line number="2346" hits="0"/>
						<line number="2347" hits="0"/>
						<line number="2348" hits="0"/>
						<line number="2349" hits="0"/>
						<line number="2350" hits="0"/>
						<line number="2351" hits="0"/>
						<line number="2354" hits="1"/>
						<line number="2362" hits="1"/>
						<line number="2364" hits="1"/>
						<line number="2365" hits="1"/>
						<line number="2367" hits="1"/>
						<line number="2374" hits="0"/>
						<line number="2375" hits="0"/>
						<line number="2377" hits="1"/>
						<line number="2387" hits="0"/>
						<line number="2389" hits="0"/>
						<line number="2390" hits="0"/>
						<line number="2393" hits="0"/>
						<line number="2394" hits="0"/>
						<line number="2397" hits="0"/>
						<line number="2398" hits="0"/>
						<line number="2399" hits="0"/>
						<line number="2401" hits="1"/>
						<line number="2408" hits="0"/>
						<line number="2409" hits="0"/>
						<line number="2412" hits="1"/>
						<line number="2443" hits="1"/>
						<line number="2451" hits="0"/>
						<line number="2452" hits="0"/>
						<line number="2453" hits="0"/>
						<line number="2454" hits="0"/>
						<line number="2455" hits="0"/>
						<line number="2456" hits="0"/>
						<line number="2457" hits="0"/>
						<line number="2458" hits="0"/>
						<line number="2459" hits="0"/>
						<line number="2461" hits="1"/>
						<line number="2474" hits="0"/>
						<line number="2476" hits="0"/>
						<line number="2477" hits="0"/>
						<line number="2480" hits="0"/>
						<line number="2481" hits="0"/>
						<line number="2482" hits="0"/>
						<line number="2484" hits="0"/>
						<line number="2492" hits="0"/>
						<line number="2493" hits="0"/>
						<line number="2494" hits="0"/>
						<line number="2495" hits="0"/>
						<line number="2497" hits="1"/>
						<line number="2507" hits="0"/>
						<line number="2508" hits="0"/>
						<line number="2509" hits="0"/>
						<line number="2510" hits="0"/>
						<line number="2511" hits="0"/>
						<line number="2512" hits="0"/>
						<line number="2513" hits="0"/>
						<line number="2514" hits="0"/>
						<line number="2516" hits="1"/>
						<line number="2518" hits="0"/>
						<line number="2519" hits="0"/>
						<line number="2520" hits="0"/>
						<line number="2521" hits="0"/>
						<line number="2522" hits="0"/>
						<line number="2523" hits="0"/>
						<line number="2525" hits="1"/>
						<line number="2527" hits="0"/>
						<line number="2528" hits="0"/>
						<line number="2529" hits="0"/>
						<line number="2530" hits="0"/>
						<line number="2531" hits="0"/>
						<line number="2532" hits="0"/>
						<line number="2534" hits="1"/>
						<line number="2541" hits="0"/>
						<line number="2542" hits="0"/>
						<line number="2543" hits="0"/>
						<line number="2545" hits="0"/>
						<line number="2546" hits="0"/>
						<line number="2548" hits="0"/>
						<line number="2549" hits="0"/>
						<line number="2553" hits="0"/>
						<line number="2554" hits="0"/>
						<line number="2556" hits="1"/>
						<line number="2558" hits="0"/>
						<line number="2559" hits="0"/>
						<line number="2562" hits="0"/>
						<line number="2563" hits="0"/>
						<line number="2564" hits="0"/>
						<line number="2566" hits="1"/>
						<line number="2568" hits="0"/>
						<line number="2569" hits="0"/>
						<line number="2571" hits="1"/>
						<line number="2573" hits="0"/>
						<line number="2574" hits="0"/>
						<line number="2575" hits="0"/>
						<line number="2576" hits="0"/>
						<line number="2578" hits="0"/>
						<line number="2581" hits="0"/>
						<line number="2582" hits="0"/>
						<line number="2583" hits="0"/>
						<line number="2586" hits="0"/>
						<line number="2587" hits="0"/>
						<line number="2588" hits="0"/>
						<line number="2589" hits="0"/>
						<line number="2592" hits="0"/>
						<line number="2594" hits="1"/>
						<line number="2602" hits="0"/>
						<line number="2604" hits="0"/>
						<line number="2605" hits="0"/>
						<line number="2606" hits="0"/>
						<line number="2609" hits="0"/>
						<line number="2610" hits="0"/>
						<line number="2613" hits="0"/>
						<line number="2615" hits="0"/>
						<line number="2616" hits="0"/>
						<line number="2617" hits="0"/>
						<line number="2618" hits="0"/>
						<line number="2620" hits="0"/>
						<line number="2622" hits="0"/>
						<line number="2624" hits="1"/>
						<line number="2634" hits="0"/>
						<line number="2635" hits="0"/>
						<line number="2637" hits="0"/>
						<line number="2638" hits="0"/>
						<line number="2640" hits="0"/>
						<line number="2642" hits="0"/>
						<line number="2643" hits="0"/>
						<line number="2646" hits="0"/>
						<line number="2649" hits="0"/>
						<line number="2650" hits="0"/>
						<line number="2651" hits="0"/>
						<line number="2653" hits="0"/>
						<line number="2654" hits="0"/>
						<line number="2655" hits="0"/>
						<line number="2657" hits="0"/>
						<line number="2659" hits="0"/>
						<line number="2660" hits="0"/>
						<line number="2662" hits="1"/>
						<line number="2672" hits="0"/>
						<line number="2674" hits="0"/>
						<line number="2678" hits="0"/>
						<line number="2679" hits="0"/>
						<line number="2680" hits="0"/>
						<line number="2681" hits="0"/>
						<line number="2682" hits="0"/>
						<line number="2684" hits="1"/>
						<line number="2691" hits="0"/>
						<line number="2692" hits="0"/>
						<line number="2704" hits="1"/>
						<line number="2733" hits="1"/>
						<line number="2740" hits="1"/>
						<line number="2741" hits="1"/>
						<line number="2742" hits="1"/>
						<line number="2744" hits="1"/>
						<line number="2754" hits="0"/>
						<line number="2755" hits="0"/>
						<line number="2758" hits="0"/>
						<line number="2759" hits="0"/>
						<line number="2762" hits="0"/>
						<line number="2763" hits="0"/>
						<line number="2765" hits="0"/>
						<line number="2767" hits="0"/>
						<line number="2768" hits="0"/>
						<line number="2769" hits="0"/>
						<line number="2772" hits="0"/>
						<line number="2773" hits="0"/>
						<line number="2775" hits="0"/>
						<line number="2776" hits="0"/>
						<line number="2778" hits="1"/>
						<line number="2788" hits="0"/>
						<line number="2789" hits="0"/>
						<line number="2791" hits="0"/>
						<line number="2793" hits="0"/>
						<line number="2794" hits="0"/>
						<line number="2795" hits="0"/>
						<line number="2796" hits="0"/>
						<line number="2798" hits="0"/>
						<line number="2800" hits="0"/>
						<line number="2802" hits="0"/>
						<line number="2804" hits="1"/>
						<line number="2814" hits="0"/>
						<line number="2815" hits="0"/>
						<line number="2816" hits="0"/>
						<line number="2817" hits="0"/>
						<line number="2819" hits="1"/>
						<line number="2826" hits="0"/>
						<line number="2828" hits="1"/>
						<line number="2838" hits="0"/>
						<line number="2840" hits="1"/>
						<line number="2842" hits="0"/>
						<line number="2844" hits="1"/>
						<line number="2846" hits="0"/>
						<line number="2849" hits="1"/>
						<line number="2879" hits="1"/>
						<line number="2886" hits="1"/>
						<line number="2887" hits="1"/>
						<line number="2888" hits="1"/>
						<line number="2889" hits="1"/>
						<line number="2890" hits="1"/>
						<line number="2891" hits="1"/>
						<line number="2893" hits="1"/>
						<line number="2905" hits="0"/>
						<line number="2906" hits="0"/>
						<line number="2908" hits="0"/>
						<line number="2909" hits="0"/>
						<line number="2910" hits="0"/>
						<line number="2911" hits="0"/>
						<line number="2912" hits="0"/>
						<line number="2914" hits="0"/>
						<line number="2916" hits="0"/>
						<line number="2917" hits="0"/>
						<line number="2919" hits="0"/>
						<line number="2920" hits="0"/>
						<line number="2923" hits="0"/>
						<line number="2926" hits="0"/>
						<line number="2927" hits="0"/>
						<line number="2928" hits="0"/>
						<line number="2929" hits="0"/>
						<line number="2931" hits="0"/>
						<line number="2932" hits="0"/>
						<line number="2934" hits="0"/>
						<line number="2935" hits="0"/>
						<line number="2936" hits="0"/>
						<line number="2939" hits="0"/>
						<line number="2941" hits="0"/>
						<line number="2942" hits="0"/>
						<line number="2943" hits="0"/>
						<line number="2945" hits="0"/>
						<line number="2946" hits="0"/>
						<line number="2947" hits="0"/>
						<line number="2949" hits="0"/>
						<line number="2951" hits="0"/>
						<line number="2952" hits="0"/>
						<line number="2954" hits="1"/>
						<line number="2961" hits="0"/>
						<line number="2962" hits="0"/>
						<line number="2965" hits="0"/>
						<line number="2966" hits="0"/>
						<line number="2968" hits="1"/>
						<line number="2975" hits="0"/>
						<line number="2976" hits="0"/>
						<line number="2979" hits="0"/>
						<line number="2980" hits="0"/>
						<line number="2982" hits="1"/>
						<line number="2989" hits="0"/>
						<line number="2990" hits="0"/>
						<line number="2992" hits="0"/>
						<line number="2993" hits="0"/>
						<line number="2995" hits="1"/>
						<line number="3002" hits="0"/>
						<line number="3003" hits="0"/>
						<line number="3005" hits="0"/>
						<line number="3006" hits="0"/>
						<line number="3008" hits="1"/>
						<line number="3015" hits="0"/>
						<line number="3016" hits="0"/>
						<line number="3018" hits="0"/>
						<line number="3019" hits="0"/>
						<line number="3020" hits="0"/>
						<line number="3021" hits="0"/>
						<line number="3022" hits="0"/>
						<line number="3023" hits="0"/>
						<line number="3024" hits="0"/>
						<line number="3025" hits="0"/>
						<line number="3027" hits="0"/>
						<line number="3029" hits="1"/>
						<line number="3036" hits="0"/>
						<line number="3038" hits="1"/>
						<line number="3045" hits="0"/>
						<line number="3046" hits="0"/>
						<line number="3048" hits="0"/>
						<line number="3049" hits="0"/>
						<line number="3051" hits="1"/>
						<line number="3053" hits="0"/>
						<line number="3054" hits="0"/>
						<line number="3055" hits="0"/>
						<line number="3058" hits="1"/>
						<line number="3088" hits="1"/>
						<line number="3096" hits="1"/>
						<line number="3097" hits="1"/>
						<line number="3098" hits="1"/>
						<line number="3099" hits="1"/>
						<line number="3100" hits="1"/>
						<line number="3103" hits="1"/>
						<line number="3104" hits="1"/>
						<line number="3121" hits="1"/>
						<line number="3128" hits="0"/>
						<line number="3129" hits="0"/>
						<line number="3131" hits="0"/>
						<line number="3133" hits="0"/>
						<line number="3134" hits="0"/>
						<line number="3136" hits="0"/>
						<line number="3137" hits="0"/>
						<line number="3139" hits="0"/>
						<line number="3140" hits="0"/>
						<line number="3143" hits="0"/>
						<line number="3144" hits="0"/>
						<line number="3146" hits="0"/>
						<line number="3147" hits="0"/>
						<line number="3150" hits="0"/>
						<line number="3151" hits="0"/>
						<line number="3152" hits="0"/>
						<line number="3153" hits="0"/>
						<line number="3156" hits="0"/>
						<line number="3157" hits="0"/>
						<line number="3160" hits="0"/>
						<line number="3161" hits="0"/>
						<line number="3164" hits="0"/>
						<line number="3165" hits="0"/>
						<line number="3167" hits="0"/>
						<line number="3168" hits="0"/>
						<line number="3170" hits="0"/>
						<line number="3173" hits="0"/>
						<line number="3174" hits="0"/>
						<line number="3177" hits="0"/>
						<line number="3178" hits="0"/>
						<line number="3180" hits="0"/>
						<line number="3182" hits="0"/>
						<line number="3184" hits="0"/>
						<line number="3187" hits="0"/>
						<line number="3189" hits="0"/>
						<line number="3191" hits="0"/>
						<line number="3192" hits="0"/>
						<line number="3194" hits="1"/>
						<line number="3204" hits="0"/>
						<line number="3205" hits="0"/>
						<line number="3208" hits="0"/>
						<line number="3209" hits="0"/>
						<line number="3210" hits="0"/>
						<line number="3212" hits="0"/>
						<line number="3215" hits="0"/>
						<line number="3218" hits="0"/>
						<line number="3219" hits="0"/>
						<line number="3220" hits="0"/>
						<line number="3221" hits="0"/>
						<line number="3222" hits="0"/>
						<line number="3223" hits="0"/>
						<line number="3226" hits="0"/>
						<line number="3228" hits="1"/>
						<line number="3238" hits="0"/>
						<line number="3239" hits="0"/>
						<line number="3241" hits="0"/>
						<line number="3242" hits="0"/>
						<line number="3245" hits="0"/>
						<line number="3246" hits="0"/>
						<line number="3249" hits="0"/>
						<line number="3250" hits="0"/>
						<line number="3252" hits="0"/>
						<line number="3254" hits="0"/>
						<line number="3255" hits="0"/>
						<line number="3257" hits="1"/>
						<line number="3267" hits="0"/>
						<line number="3268" hits="0"/>
						<line number="3270" hits="0"/>
						<line number="3271" hits="0"/>
						<line number="3273" hits="1"/>
						<line number="3280" hits="0"/>
						<line number="3282" hits="1"/>
						<line number="3289" hits="0"/>
						<line number="3290" hits="0"/>
						<line number="3291" hits="0"/>
						<line number="3293" hits="1"/>
						<line number="3295" hits="0"/>
						<line number="3296" hits="0"/>
						<line number="3297" hits="0"/>
						<line number="3299" hits="1"/>
						<line number="3301" hits="0"/>
						<line number="3304" hits="1"/>
						<line number="3385" hits="1"/>
						<line number="3387" hits="1"/>
						<line number="3390" hits="1"/>
						<line number="3391" hits="1"/>
						<line number="3392" hits="1"/>
						<line number="3395" hits="1"/>
						<line number="3396" hits="1"/>
						<line number="3397" hits="1"/>
						<line number="3398" hits="1"/>
						<line number="3399" hits="1"/>
						<line number="3400" hits="1"/>
						<line number="3401" hits="1"/>
						<line number="3402" hits="1"/>
						<line number="3405" hits="1"/>
						<line number="3406" hits="1"/>
						<line number="3409" hits="1"/>
						<line number="3410" hits="1"/>
						<line number="3413" hits="1"/>
						<line number="3416" hits="1"/>
						<line number="3419" hits="1"/>
						<line number="3420" hits="1"/>
						<line number="3423" hits="1"/>
						<line number="3426" hits="1"/>
						<line number="3429" hits="1"/>
						<line number="3432" hits="1"/>
						<line number="3435" hits="1"/>
						<line number="3437" hits="1"/>
						<line number="3440" hits="0"/>
						<line number="3441" hits="0"/>
						<line number="3443" hits="0"/>
						<line number="3444" hits="0"/>
						<line number="3445" hits="0"/>
						<line number="3446" hits="0"/>
						<line number="3447" hits="0"/>
						<line number="3449" hits="1"/>
						<line number="3463" hits="1"/>
						<line number="3464" hits="1"/>
						<line number="3466" hits="1"/>
						<line number="3467" hits="1"/>
						<line number="3469" hits="1"/>
						<line number="3470" hits="1"/>
						<line number="3471" hits="1"/>
						<line number="3472" hits="1"/>
						<line number="3475" hits="1"/>
						<line number="3485" hits="1"/>
						<line number="3503" hits="1"/>
						<line number="3508" hits="1"/>
						<line number="3509" hits="1"/>
						<line number="3511" hits="1"/>
						<line number="3521" hits="0"/>
						<line number="3522" hits="0"/>
						<line number="3523" hits="0"/>
						<line number="3525" hits="0"/>
						<line number="3526" hits="0"/>
						<line number="3527" hits="0"/>
						<line number="3529" hits="0"/>
						<line number="3531" hits="0"/>
						<line number="3532" hits="0"/>
						<line number="3533" hits="0"/>
						<line number="3535" hits="1"/>
						<line number="3544" hits="0"/>
						<line number="3545" hits="0"/>
						<line number="3548" hits="0"/>
						<line number="3549" hits="0"/>
						<line number="3552" hits="0"/>
						<line number="3553" hits="0"/>
						<line number="3555" hits="0"/>
						<line number="3556" hits="0"/>
						<line number="3557" hits="0"/>
						<line number="3558" hits="0"/>
						<line number="3559" hits="0"/>
						<line number="3560" hits="0"/>
						<line number="3562" hits="0"/>
						<line number="3563" hits="0"/>
						<line number="3564" hits="0"/>
						<line number="3565" hits="0"/>
						<line number="3567" hits="0"/>
						<line number="3569" hits="0"/>
						<line number="3573" hits="0"/>
						<line number="3575" hits="0"/>
						<line number="3578" hits="0"/>
						<line number="3580" hits="1"/>
						<line number="3588" hits="1"/>
						<line number="3590" hits="1"/>
						<line number="3591" hits="1"/>
						<line number="3592" hits="1"/>
						<line number="3593" hits="1"/>
						<line number="3594" hits="1"/>
						<line number="3597" hits="1"/>
						<line number="3598" hits="1"/>
						<line number="3601" hits="1"/>
						<line number="3602" hits="1"/>
						<line number="3605" hits="1"/>
						<line number="3606" hits="1"/>
						<line number="3609" hits="1"/>
						<line number="3610" hits="1"/>
						<line number="3613" hits="1"/>
						<line number="3616" hits="1"/>
						<line number="3617" hits="1"/>
						<line number="3618" hits="0"/>
						<line number="3619" hits="0"/>
						<line number="3620" hits="0"/>
						<line number="3621" hits="0"/>
						<line number="3622" hits="0"/>
						<line number="3624" hits="1"/>
						<line number="3627" hits="1"/>
						<line number="3628" hits="1"/>
						<line number="3629" hits="1"/>
						<line number="3630" hits="0"/>
						<line number="3631" hits="0"/>
						<line number="3632" hits="0"/>
						<line number="3633" hits="0"/>
						<line number="3634" hits="0"/>
						<line number="3635" hits="0"/>
						<line number="3638" hits="1"/>
						<line number="3639" hits="1"/>
						<line number="3640" hits="1"/>
						<line number="3642" hits="1"/>
						<line number="3644" hits="1"/>
						<line number="3652" hits="0"/>
						<line number="3655" hits="0"/>
						<line number="3656" hits="0"/>
						<line number="3659" hits="0"/>
						<line number="3660" hits="0"/>
						<line number="3663" hits="0"/>
						<line number="3666" hits="0"/>
						<line number="3668" hits="0"/>
						<line number="3669" hits="0"/>
						<line number="3672" hits="0"/>
						<line number="3674" hits="0"/>
						<line number="3675" hits="0"/>
						<line number="3677" hits="0"/>
						<line number="3680" hits="0"/>
						<line number="3681" hits="0"/>
						<line number="3683" hits="0"/>
						<line number="3684" hits="0"/>
						<line number="3686" hits="0"/>
						<line number="3689" hits="0"/>
						<line number="3690" hits="0"/>
						<line number="3691" hits="0"/>
						<line number="3692" hits="0"/>
						<line number="3695" hits="0"/>
						<line number="3696" hits="0"/>
						<line number="3698" hits="0"/>
						<line number="3701" hits="0"/>
						<line number="3702" hits="0"/>
						<line number="3704" hits="0"/>
						<line number="3706" hits="1"/>
						<line number="3714" hits="0"/>
						<line number="3716" hits="0"/>
						<line number="3717" hits="0"/>
						<line number="3719" hits="0"/>
						<line number="3722" hits="0"/>
						<line number="3723" hits="0"/>
						<line number="3725" hits="0"/>
						<line number="3726" hits="0"/>
						<line number="3728" hits="0"/>
						<line number="3729" hits="0"/>
						<line number="3731" hits="1"/>
						<line number="3738" hits="0"/>
						<line number="3741" hits="0"/>
						<line number="3742" hits="0"/>
						<line number="3745" hits="0"/>
						<line number="3746" hits="0"/>
						<line number="3749" hits="0"/>
						<line number="3750" hits="0"/>
						<line number="3751" hits="0"/>
						<line number="3754" hits="0"/>
						<line number="3757" hits="0"/>
						<line number="3759" hits="1"/>
						<line number="3766" hits="0"/>
						<line number="3768" hits="0"/>
						<line number="3771" hits="0"/>
						<line number="3772" hits="0"/>
						<line number="3773" hits="0"/>
						<line number="3774" hits="0"/>
						<line number="3775" hits="0"/>
						<line number="3776" hits="0"/>
						<line number="3777" hits="0"/>
						<line number="3778" hits="0"/>
						<line number="3779" hits="0"/>
						<line number="3781" hits="0"/>
						<line number="3783" hits="1"/>
						<line number="3791" hits="0"/>
						<line number="3794" hits="0"/>
						<line number="3795" hits="0"/>
						<line number="3796" hits="0"/>
						<line number="3798" hits="0"/>
						<line number="3801" hits="0"/>
						<line number="3802" hits="0"/>
						<line number="3804" hits="0"/>
						<line number="3806" hits="0"/>
						<line number="3807" hits="0"/>
						<line number="3809" hits="0"/>
						<line number="3810" hits="0"/>
						<line number="3811" hits="0"/>
						<line number="3812" hits="0"/>
						<line number="3814" hits="1"/>
						<line number="3821" hits="0"/>
						<line number="3823" hits="0"/>
						<line number="3826" hits="0"/>
						<line number="3827" hits="0"/>
						<line number="3828" hits="0"/>
						<line number="3830" hits="0"/>
						<line number="3833" hits="0"/>
						<line number="3834" hits="0"/>
						<line number="3838" hits="0"/>
						<line number="3840" hits="0"/>
						<line number="3841" hits="0"/>
						<line number="3842" hits="0"/>
						<line number="3843" hits="0"/>
						<line number="3846" hits="0"/>
						<line number="3847" hits="0"/>
						<line number="3849" hits="0"/>
						<line number="3851" hits="1"/>
						<line number="3858" hits="0"/>
						<line number="3860" hits="0"/>
						<line number="3863" hits="0"/>
						<line number="3866" hits="0"/>
						<line number="3867" hits="0"/>
						<line number="3868" hits="0"/>
						<line number="3870" hits="0"/>
						<line number="3873" hits="0"/>
						<line number="3874" hits="0"/>
						<line number="3875" hits="0"/>
						<line number="3876" hits="0"/>
						<line number="3878" hits="0"/>
						<line number="3879" hits="0"/>
						<line number="3881" hits="0"/>
						<line number="3882" hits="0"/>
						<line number="3886" hits="0"/>
						<line number="3887" hits="0"/>
						<line number="3888" hits="0"/>
						<line number="3889" hits="0"/>
						<line number="3890" hits="0"/>
						<line number="3893" hits="0"/>
						<line number="3895" hits="0"/>
						<line number="3898" hits="0"/>
						<line number="3900" hits="0"/>
						<line number="3903" hits="0"/>
						<line number="3905" hits="0"/>
						<line number="3907" hits="0"/>
						<line number="3909" hits="1"/>
						<line number="3922" hits="0"/>
						<line number="3923" hits="0"/>
						<line number="3924" hits="0"/>
						<line number="3926" hits="1"/>
						<line number="3931" hits="1"/>
						<line number="3934" hits="0"/>
						<line number="3935" hits="0"/>
						<line number="3937" hits="0"/>
						<line number="3938" hits="0"/>
						<line number="3939" hits="0"/>
						<line number="3942" hits="0"/>
						<line number="3945" hits="0"/>
						<line number="3947" hits="1"/>
						<line number="3952" hits="1"/>
						<line number="3954" hits="0"/>
						<line number="3955" hits="0"/>
						<line number="3956" hits="0"/>
						<line number="3958" hits="0"/>
						<line number="3960" hits="1"/>
						<line number="3965" hits="1"/>
						<line number="3967" hits="0"/>
						<line number="3968" hits="0"/>
						<line number="3969" hits="0"/>
						<line number="3972" hits="0"/>
						<line number="3973" hits="0"/>
						<line number="3976" hits="0"/>
						<line number="3978" hits="1"/>
						<line number="3983" hits="1"/>
						<line number="3985" hits="0"/>
						<line number="3986" hits="0"/>
						<line number="3987" hits="0"/>
						<line number="3989" hits="0"/>
						<line number="3991" hits="1"/>
						<line number="3996" hits="1"/>
						<line number="3998" hits="0"/>
						<line number="3999" hits="0"/>
						<line number="4000" hits="0"/>
						<line number="4002" hits="0"/>
						<line number="4004" hits="1"/>
						<line number="4009" hits="1"/>
						<line number="4011" hits="0"/>
						<line number="4012" hits="0"/>
						<line number="4013" hits="0"/>
						<line number="4015" hits="0"/>
						<line number="4017" hits="1"/>
						<line number="4022" hits="1"/>
						<line number="4024" hits="0"/>
						<line number="4025" hits="0"/>
						<line number="4026" hits="0"/>
						<line number="4028" hits="0"/>
						<line number="4030" hits="1"/>
						<line number="4035" hits="1"/>
						<line number="4037" hits="0"/>
						<line number="4038" hits="0"/>
						<line number="4039" hits="0"/>
						<line number="4041" hits="0"/>
						<line number="4043" hits="1"/>
						<line number="4048" hits="1"/>
						<line number="4050" hits="0"/>
						<line number="4051" hits="0"/>
						<line number="4052" hits="0"/>
						<line number="4054" hits="0"/>
						<line number="4056" hits="1"/>
						<line number="4061" hits="1"/>
						<line number="4063" hits="0"/>
						<line number="4064" hits="0"/>
						<line number="4065" hits="0"/>
						<line number="4067" hits="0"/>
						<line number="4069" hits="0"/>
						<line number="4071" hits="0"/>
						<line number="4072" hits="0"/>
						<line number="4074" hits="0"/>
						<line number="4077" hits="0"/>
						<line number="4079" hits="1"/>
						<line number="4084" hits="1"/>
						<line number="4086" hits="0"/>
						<line number="4087" hits="0"/>
						<line number="4088" hits="0"/>
						<line number="4090" hits="0"/>
						<line number="4092" hits="1"/>
						<line number="4097" hits="1"/>
						<line number="4099" hits="0"/>
						<line number="4100" hits="0"/>
						<line number="4101" hits="0"/>
						<line number="4103" hits="0"/>
						<line number="4104" hits="0"/>
						<line number="4106" hits="0"/>
						<line number="4108" hits="0"/>
						<line number="4111" hits="0"/>
						<line number="4114" hits="1"/>
						<line number="4119" hits="1"/>
						<line number="4121" hits="0"/>
						<line number="4122" hits="0"/>
						<line number="4123" hits="0"/>
						<line number="4126" hits="0"/>
						<line number="4128" hits="0"/>
						<line number="4129" hits="0"/>
						<line number="4130" hits="0"/>
						<line number="4132" hits="0"/>
						<line number="4134" hits="1"/>
						<line number="4138" hits="1"/>
						<line number="4140" hits="0"/>
						<line number="4141" hits="0"/>
						<line number="4142" hits="0"/>
						<line number="4144" hits="0"/>
						<line number="4145" hits="0"/>
						<line number="4146" hits="0"/>
						<line number="4147" hits="0"/>
						<line number="4148" hits="0"/>
						<line number="4149" hits="0"/>
						<line number="4150" hits="0"/>
						<line number="4151" hits="0"/>
						<line number="4152" hits="0"/>
						<line number="4153" hits="0"/>
						<line number="4155" hits="0"/>
						<line number="4158" hits="0"/>
						<line number="4159" hits="0"/>
						<line number="4160" hits="0"/>
						<line number="4162" hits="0"/>
						<line number="4164" hits="1"/>
						<line number="4168" hits="1"/>
						<line number="4170" hits="0"/>
						<line number="4171" hits="0"/>
						<line number="4172" hits="0"/>
						<line number="4174" hits="0"/>
						<line number="4175" hits="0"/>
						<line number="4176" hits="0"/>
						<line number="4177" hits="0"/>
						<line number="4178" hits="0"/>
						<line number="4181" hits="0"/>
						<line number="4182" hits="0"/>
						<line number="4183" hits="0"/>
						<line number="4185" hits="0"/>
						<line number="4188" hits="0"/>
						<line number="4189" hits="0"/>
						<line number="4190" hits="0"/>
						<line number="4192" hits="0"/>
						<line number="4194" hits="1"/>
						<line number="4198" hits="1"/>
						<line number="4200" hits="0"/>
						<line number="4201" hits="0"/>
						<line number="4202" hits="0"/>
						<line number="4205" hits="0"/>
						<line number="4206" hits="0"/>
						<line number="4208" hits="1"/>
						<line number="4210" hits="0"/>
						<line number="4211" hits="0"/>
						<line number="4212" hits="0"/>
						<line number="4213" hits="0"/>
						<line number="4214" hits="0"/>
						<line number="4215" hits="0"/>
						<line number="4216" hits="0"/>
						<line number="4218" hits="1"/>
						<line number="4223" hits="1"/>
						<line number="4225" hits="0"/>
						<line number="4226" hits="0"/>
						<line number="4227" hits="0"/>
						<line number="4230" hits="0"/>
						<line number="4232" hits="1"/>
						<line number="4237" hits="1"/>
						<line number="4239" hits="0"/>
						<line number="4240" hits="0"/>
						<line number="4241" hits="0"/>
						<line number="4244" hits="0"/>
						<line number="4247" hits="0"/>
						<line number="4250" hits="0"/>
						<line number="4253" hits="0"/>
						<line number="4259" hits="0"/>
						<line number="4261" hits="1"/>
						<line number="4266" hits="1"/>
						<line number="4268" hits="0"/>
						<line number="4269" hits="0"/>
						<line number="4270" hits="0"/>
						<line number="4272" hits="0"/>
						<line number="4273" hits="0"/>
						<line number="4274" hits="0"/>
						<line number="4275" hits="0"/>
						<line number="4276" hits="0"/>
						<line number="4278" hits="0"/>
						<line number="4280" hits="0"/>
						<line number="4281" hits="0"/>
						<line number="4283" hits="0"/>
						<line number="4286" hits="0"/>
						<line number="4287" hits="0"/>
						<line number="4290" hits="0"/>
						<line number="4291" hits="0"/>
						<line number="4293" hits="0"/>
						<line number="4294" hits="0"/>
						<line number="4295" hits="0"/>
						<line number="4296" hits="0"/>
						<line number="4298" hits="1"/>
						<line number="4303" hits="1"/>
						<line number="4305" hits="0"/>
						<line number="4306" hits="0"/>
						<line number="4307" hits="0"/>
						<line number="4309" hits="0"/>
						<line number="4310" hits="0"/>
						<line number="4312" hits="0"/>
						<line number="4314" hits="1"/>
						<line number="4319" hits="1"/>
						<line number="4321" hits="0"/>
						<line number="4322" hits="0"/>
						<line number="4323" hits="0"/>
						<line number="4325" hits="0"/>
						<line number="4327" hits="0"/>
						<line number="4328" hits="0"/>
						<line number="4330" hits="0"/>
						<line number="4331" hits="0"/>
						<line number="4332" hits="0"/>
						<line number="4333" hits="0"/>
						<line number="4334" hits="0"/>
						<line number="4337" hits="0"/>
						<line number="4338" hits="0"/>
						<line number="4339" hits="0"/>
						<line number="4340" hits="0"/>
						<line number="4343" hits="0"/>
						<line number="4344" hits="0"/>
						<line number="4345" hits="0"/>
						<line number="4348" hits="0"/>
						<line number="4349" hits="0"/>
						<line number="4352" hits="0"/>
						<line number="4355" hits="0"/>
						<line number="4356" hits="0"/>
						<line number="4357" hits="0"/>
						<line number="4358" hits="0"/>
						<line number="4361" hits="0"/>
						<line number="4362" hits="0"/>
						<line number="4364" hits="0"/>
						<line number="4365" hits="0"/>
						<line number="4367" hits="0"/>
						<line number="4369" hits="0"/>
						<line number="4370" hits="0"/>
						<line number="4373" hits="0"/>
						<line number="4374" hits="0"/>
						<line number="4375" hits="0"/>
						<line number="4378" hits="0"/>
						<line number="4379" hits="0"/>
						<line number="4380" hits="0"/>
						<line number="4383" hits="0"/>
						<line number="4385" hits="0"/>
						<line number="4386" hits="0"/>
						<line number="4388" hits="1"/>
						<line number="4393" hits="1"/>
						<line number="4395" hits="0"/>
						<line number="4396" hits="0"/>
						<line number="4397" hits="0"/>
						<line number="4399" hits="0"/>
						<line number="4400" hits="0"/>
						<line number="4401" hits="0"/>
						<line number="4402" hits="0"/>
						<line number="4403" hits="0"/>
						<line number="4406" hits="0"/>
						<line number="4407" hits="0"/>
						<line number="4408" hits="0"/>
						<line number="4411" hits="0"/>
						<line number="4412" hits="0"/>
						<line number="4413" hits="0"/>
						<line number="4416" hits="0"/>
						<line number="4418" hits="0"/>
						<line number="4420" hits="0"/>
						<line number="4421" hits="0"/>
						<line number="4424" hits="0"/>
						<line number="4425" hits="0"/>
						<line number="4428" hits="0"/>
						<line number="4430" hits="0"/>
						<line number="4431" hits="0"/>
						<line number="4432" hits="0"/>
						<line number="4433" hits="0"/>
						<line number="4437" hits="1"/>
						<line number="4442" hits="1"/>
						<line number="4444" hits="0"/>
						<line number="4445" hits="0"/>
						<line number="4446" hits="0"/>
						<line number="4448" hits="0"/>
						<line number="4449" hits="0"/>
						<line number="4450" hits="0"/>
						<line number="4452" hits="0"/>
						<line number="4453" hits="0"/>
						<line number="4456" hits="0"/>
						<line number="4457" hits="0"/>
						<line number="4460" hits="0"/>
						<line number="4462" hits="0"/>
						<line number="4463" hits="0"/>
						<line number="4465" hits="0"/>
						<line number="4466" hits="0"/>
						<line number="4470" hits="0"/>
						<line number="4471" hits="0"/>
						<line number="4473" hits="0"/>
						<line number="4475" hits="1"/>
						<line number="4480" hits="1"/>
						<line number="4482" hits="0"/>
						<line number="4483" hits="0"/>
						<line number="4484" hits="0"/>
						<line number="4486" hits="0"/>
						<line number="4487" hits="0"/>
						<line number="4488" hits="0"/>
						<line number="4490" hits="0"/>
						<line number="4491" hits="0"/>
						<line number="4494" hits="0"/>
						<line number="4495" hits="0"/>
						<line number="4496" hits="0"/>
						<line number="4497" hits="0"/>
						<line number="4498" hits="0"/>
						<line number="4501" hits="0"/>
						<line number="4502" hits="0"/>
						<line number="4503" hits="0"/>
						<line number="4504" hits="0"/>
						<line number="4507" hits="0"/>
						<line number="4508" hits="0"/>
						<line number="4509" hits="0"/>
						<line number="4511" hits="1"/>
						<line number="4516" hits="1"/>
						<line number="4518" hits="0"/>
						<line number="4519" hits="0"/>
						<line number="4520" hits="0"/>
						<line number="4522" hits="0"/>
						<line number="4523" hits="0"/>
						<line number="4524" hits="0"/>
						<line number="4525" hits="0"/>
						<line number="4526" hits="0"/>
						<line number="4529" hits="0"/>
						<line number="4530" hits="0"/>
						<line number="4532" hits="0"/>
						<line number="4534" hits="0"/>
						<line number="4535" hits="0"/>
						<line number="4538" hits="0"/>
						<line number="4539" hits="0"/>
						<line number="4540" hits="0"/>
						<line number="4541" hits="0"/>
						<line number="4544" hits="0"/>
						<line number="4545" hits="0"/>
						<line number="4546" hits="0"/>
						<line number="4548" hits="1"/>
						<line number="4553" hits="1"/>
						<line number="4555" hits="0"/>
						<line number="4556" hits="0"/>
						<line number="4557" hits="0"/>
						<line number="4559" hits="0"/>
						<line number="4560" hits="0"/>
						<line number="4561" hits="0"/>
						<line number="4562" hits="0"/>
						<line number="4563" hits="0"/>
						<line number="4566" hits="0"/>
						<line number="4567" hits="0"/>
						<line number="4570" hits="0"/>
						<line number="4571" hits="0"/>
						<line number="4572" hits="0"/>
						<line number="4573" hits="0"/>
						<line number="4575" hits="0"/>
						<line number="4576" hits="0"/>
						<line number="4577" hits="0"/>
						<line number="4579" hits="1"/>
						<line number="4584" hits="1"/>
						<line number="4586" hits="0"/>
						<line number="4587" hits="0"/>
						<line number="4588" hits="0"/>
						<line number="4590" hits="0"/>
						<line number="4591" hits="0"/>
						<line number="4592" hits="0"/>
						<line number="4593" hits="0"/>
						<line number="4594" hits="0"/>
						<line number="4597" hits="0"/>
						<line number="4598" hits="0"/>
						<line number="4601" hits="0"/>
						<line number="4602" hits="0"/>
						<line number="4603" hits="0"/>
						<line number="4604" hits="0"/>
						<line number="4606" hits="0"/>
						<line number="4607" hits="0"/>
						<line number="4608" hits="0"/>
						<line number="4610" hits="1"/>
						<line number="4615" hits="1"/>
						<line number="4617" hits="0"/>
						<line number="4618" hits="0"/>
						<line number="4619" hits="0"/>
						<line number="4621" hits="0"/>
						<line number="4622" hits="0"/>
						<line number="4623" hits="0"/>
						<line number="4625" hits="0"/>
						<line number="4626" hits="0"/>
						<line number="4629" hits="0"/>
						<line number="4631" hits="0"/>
						<line number="4632" hits="0"/>
						<line number="4633" hits="0"/>
						<line number="4636" hits="0"/>
						<line number="4637" hits="0"/>
						<line number="4638" hits="0"/>
						<line number="4640" hits="1"/>
						<line number="4642" hits="0"/>
						<line number="4643" hits="0"/>
						<line number="4644" hits="0"/>
						<line number="4646" hits="0"/>
						<line number="4647" hits="0"/>
						<line number="4650" hits="0"/>
						<line number="4651" hits="0"/>
						<line number="4652" hits="0"/>
						<line number="4654" hits="0"/>
						<line number="4656" hits="0"/>
						<line number="4657" hits="0"/>
						<line number="4660" hits="0"/>
						<line number="4661" hits="0"/>
						<line number="4663" hits="0"/>
						<line number="4664" hits="0"/>
						<line number="4665" hits="0"/>
						<line number="4668" hits="0"/>
						<line number="4669" hits="0"/>
						<line number="4670" hits="0"/>
						<line number="4671" hits="0"/>
						<line number="4672" hits="0"/>
						<line number="4673" hits="0"/>
						<line number="4674" hits="0"/>
						<line number="4676" hits="0"/>
						<line number="4679" hits="0"/>
						<line number="4681" hits="0"/>
						<line number="4682" hits="0"/>
						<line number="4684" hits="0"/>
						<line number="4685" hits="0"/>
						<line number="4687" hits="0"/>
						<line number="4690" hits="0"/>
						<line number="4691" hits="0"/>
						<line number="4692" hits="0"/>
						<line number="4694" hits="1"/>
						<line number="4696" hits="0"/>
						<line number="4697" hits="0"/>
						<line number="4698" hits="0"/>
						<line number="4700" hits="0"/>
						<line number="4701" hits="0"/>
						<line number="4704" hits="0"/>
						<line number="4705" hits="0"/>
						<line number="4706" hits="0"/>
						<line number="4708" hits="0"/>
						<line number="4710" hits="0"/>
						<line number="4711" hits="0"/>
						<line number="4714" hits="0"/>
						<line number="4715" hits="0"/>
						<line number="4718" hits="0"/>
						<line number="4719" hits="0"/>
						<line number="4720" hits="0"/>
						<line number="4721" hits="0"/>
						<line number="4722" hits="0"/>
						<line number="4723" hits="0"/>
						<line number="4724" hits="0"/>
						<line number="4725" hits="0"/>
						<line number="4726" hits="0"/>
						<line number="4727" hits="0"/>
						<line number="4728" hits="0"/>
						<line number="4731" hits="0"/>
						<line number="4736" hits="0"/>
						<line number="4737" hits="0"/>
						<line number="4741" hits="1"/>
						<line number="4751" hits="0"/>
						<line number="4753" hits="0"/>
						<line number="4755" hits="0"/>
						<line number="4756" hits="0"/>
						<line number="4758" hits="0"/>
						<line number="4761" hits="0"/>
						<line number="4762" hits="0"/>
						<line number="4764" hits="1"/>
						<line number="4769" hits="1"/>
						<line number="4771" hits="0"/>
						<line number="4772" hits="0"/>
						<line number="4773" hits="0"/>
						<line number="4775" hits="0"/>
						<line number="4776" hits="0"/>
						<line number="4777" hits="0"/>
						<line number="4780" hits="0"/>
						<line number="4786" hits="0"/>
						<line number="4788" hits="1"/>
						<line number="4793" hits="1"/>
						<line number="4795" hits="0"/>
						<line number="4796" hits="0"/>
						<line number="4797" hits="0"/>
						<line number="4799" hits="0"/>
						<line number="4800" hits="0"/>
						<line number="4801" hits="0"/>
						<line number="4804" hits="0"/>
						<line number="4810" hits="0"/>
						<line number="4812" hits="1"/>
						<line number="4817" hits="1"/>
						<line number="4819" hits="0"/>
						<line number="4820" hits="0"/>
						<line number="4821" hits="0"/>
						<line number="4823" hits="0"/>
						<line number="4824" hits="0"/>
						<line number="4825" hits="0"/>
						<line number="4826" hits="0"/>
						<line number="4827" hits="0"/>
						<line number="4830" hits="0"/>
						<line number="4831" hits="0"/>
						<line number="4834" hits="0"/>
						<line number="4836" hits="0"/>
						<line number="4837" hits="0"/>
						<line number="4839" hits="0"/>
						<line number="4840" hits="0"/>
						<line number="4842" hits="0"/>
						<line number="4843" hits="0"/>
						<line number="4844" hits="0"/>
						<line number="4846" hits="1"/>
						<line number="4851" hits="1"/>
						<line number="4853" hits="0"/>
						<line number="4854" hits="0"/>
						<line number="4855" hits="0"/>
						<line number="4857" hits="0"/>
						<line number="4858" hits="0"/>
						<line number="4859" hits="0"/>
						<line number="4860" hits="0"/>
						<line number="4861" hits="0"/>
						<line number="4864" hits="0"/>
						<line number="4865" hits="0"/>
						<line number="4868" hits="0"/>
						<line number="4870" hits="0"/>
						<line number="4871" hits="0"/>
						<line number="4872" hits="0"/>
						<line number="4873" hits="0"/>
						<line number="4875" hits="0"/>
						<line number="4876" hits="0"/>
						<line number="4877" hits="0"/>
						<line number="4879" hits="1"/>
						<line number="4884" hits="1"/>
						<line number="4886" hits="0"/>
						<line number="4887" hits="0"/>
						<line number="4888" hits="0"/>
						<line number="4890" hits="0"/>
						<line number="4891" hits="0"/>
						<line number="4892" hits="0"/>
						<line number="4893" hits="0"/>
						<line number="4894" hits="0"/>
						<line number="4896" hits="0"/>
						<line number="4897" hits="0"/>
						<line number="4898" hits="0"/>
						<line number="4899" hits="0"/>
						<line number="4902" hits="0"/>
						<line number="4903" hits="0"/>
						<line number="4905" hits="0"/>
						<line number="4906" hits="0"/>
						<line number="4907" hits="0"/>
						<line number="4908" hits="0"/>
						<line number="4910" hits="0"/>
						<line number="4911" hits="0"/>
						<line number="4912" hits="0"/>
						<line number="4914" hits="1"/>
						<line number="4919" hits="1"/>
						<line number="4921" hits="0"/>
						<line number="4922" hits="0"/>
						<line number="4923" hits="0"/>
						<line number="4925" hits="0"/>
						<line number="4926" hits="0"/>
						<line number="4927" hits="0"/>
						<line number="4928" hits="0"/>
						<line number="4929" hits="0"/>
						<line number="4931" hits="0"/>
						<line number="4932" hits="0"/>
						<line number="4933" hits="0"/>
						<line number="4934" hits="0"/>
						<line number="4937" hits="0"/>
						<line number="4938" hits="0"/>
						<line number="4940" hits="0"/>
						<line number="4941" hits="0"/>
						<line number="4942" hits="0"/>
						<line number="4943" hits="0"/>
						<line number="4945" hits="0"/>
						<line number="4946" hits="0"/>
						<line number="4947" hits="0"/>
						<line number="4949" hits="1"/>
						<line number="4954" hits="1"/>
						<line number="4956" hits="0"/>
						<line number="4957" hits="0"/>
						<line number="4958" hits="0"/>
						<line number="4960" hits="0"/>
						<line number="4961" hits="0"/>
						<line number="4962" hits="0"/>
						<line number="4963" hits="0"/>
						<line number="4964" hits="0"/>
						<line number="4966" hits="0"/>
						<line number="4968" hits="0"/>
						<line number="4970" hits="0"/>
						<line number="4971" hits="0"/>
						<line number="4973" hits="0"/>
						<line number="4975" hits="0"/>
						<line number="4978" hits="0"/>
						<line number="4979" hits="0"/>
						<line number="4981" hits="0"/>
						<line number="4982" hits="0"/>
						<line number="4983" hits="0"/>
						<line number="4985" hits="1"/>
						<line number="4990" hits="1"/>
						<line number="4992" hits="0"/>
						<line number="4993" hits="0"/>
						<line number="4994" hits="0"/>
						<line number="4996" hits="0"/>
						<line number="4998" hits="0"/>
						<line number="4999" hits="0"/>
						<line number="5001" hits="0"/>
						<line number="5002" hits="0"/>
						<line number="5003" hits="0"/>
						<line number="5004" hits="0"/>
						<line number="5005" hits="0"/>
						<line number="5008" hits="0"/>
						<line number="5009" hits="0"/>
						<line number="5010" hits="0"/>
						<line number="5012" hits="0"/>
						<line number="5013" hits="0"/>
						<line number="5015" hits="0"/>
						<line number="5017" hits="0"/>
						<line number="5018" hits="0"/>
						<line number="5019" hits="0"/>
						<line number="5020" hits="0"/>
						<line number="5021" hits="0"/>
						<line number="5022" hits="0"/>
						<line number="5023" hits="0"/>
						<line number="5024" hits="0"/>
						<line number="5025" hits="0"/>
						<line number="5027" hits="1"/>
						<line number="5032" hits="1"/>
						<line number="5034" hits="0"/>
						<line number="5035" hits="0"/>
						<line number="5036" hits="0"/>
						<line number="5038" hits="0"/>
						<line number="5039" hits="0"/>
						<line number="5040" hits="0"/>
						<line number="5042" hits="0"/>
						<line number="5043" hits="0"/>
						<line number="5044" hits="0"/>
						<line number="5045" hits="0"/>
						<line number="5046" hits="0"/>
						<line number="5049" hits="0"/>
						<line number="5050" hits="0"/>
						<line number="5053" hits="0"/>
						<line number="5054" hits="0"/>
						<line number="5057" hits="0"/>
						<line number="5058" hits="0"/>
						<line number="5059" hits="0"/>
						<line number="5062" hits="0"/>
						<line number="5063" hits="0"/>
						<line number="5064" hits="0"/>
						<line number="5065" hits="0"/>
						<line number="5068" hits="0"/>
						<line number="5069" hits="0"/>
						<line number="5070" hits="0"/>
						<line number="5071" hits="0"/>
						<line number="5074" hits="0"/>
						<line number="5077" hits="0"/>
						<line number="5079" hits="0"/>
						<line number="5080" hits="0"/>
						<line number="5081" hits="0"/>
						<line number="5083" hits="0"/>
						<line number="5086" hits="0"/>
						<line number="5087" hits="0"/>
						<line number="5088" hits="0"/>
						<line number="5095" hits="0"/>
						<line number="5099" hits="0"/>
						<line number="5102" hits="0"/>
						<line number="5103" hits="0"/>
						<line number="5104" hits="0"/>
						<line number="5105" hits="0"/>
						<line number="5106" hits="0"/>
						<line number="5108" hits="0"/>
						<line number="5111" hits="0"/>
						<line number="5113" hits="0"/>
						<line number="5114" hits="0"/>
						<line number="5115" hits="0"/>
						<line number="5116" hits="0"/>
						<line number="5117" hits="0"/>
						<line number="5118" hits="0"/>
						<line number="5119" hits="0"/>
						<line number="5120" hits="0"/>
						<line number="5122" hits="1"/>
						<line number="5134" hits="0"/>
						<line number="5135" hits="0"/>
						<line number="5136" hits="0"/>
						<line number="5137" hits="0"/>
						<line number="5138" hits="0"/>
						<line number="5139" hits="0"/>
						<line number="5140" hits="0"/>
						<line number="5141" hits="0"/>
						<line number="5142" hits="0"/>
						<line number="5143" hits="0"/>
						<line number="5144" hits="0"/>
						<line number="5145" hits="0"/>
						<line number="5146" hits="0"/>
						<line number="5147" hits="0"/>
						<line number="5150" hits="0"/>
						<line number="5152" hits="1"/>
						<line number="5165" hits="0"/>
						<line number="5166" hits="0"/>
						<line number="5169" hits="0"/>
						<line number="5172" hits="0"/>
						<line number="5175" hits="0"/>
						<line number="5177" hits="0"/>
						<line number="5178" hits="0"/>
						<line number="5179" hits="0"/>
						<line number="5181" hits="0"/>
						<line number="5183" hits="0"/>
						<line number="5184" hits="0"/>
						<line number="5186" hits="0"/>
						<line number="5187" hits="0"/>
						<line number="5188" hits="0"/>
						<line number="5190" hits="0"/>
						<line number="5191" hits="0"/>
						<line number="5192" hits="0"/>
						<line number="5195" hits="0"/>
						<line number="5198" hits="0"/>
						<line number="5200" hits="0"/>
						<line number="5203" hits="0"/>
						<line number="5204" hits="0"/>
						<line number="5205" hits="0"/>
						<line number="5208" hits="0"/>
						<line number="5211" hits="0"/>
						<line number="5212" hits="0"/>
						<line number="5213" hits="0"/>
						<line number="5215" hits="0"/>
						<line number="5217" hits="0"/>
						<line number="5223" hits="0"/>
						<line number="5224" hits="0"/>
						<line number="5226" hits="0"/>
						<line number="5228" hits="0"/>
						<line number="5229" hits="0"/>
						<line number="5230" hits="0"/>
						<line number="5232" hits="0"/>
						<line number="5234" hits="1"/>
						<line number="5239" hits="1"/>
						<line number="5241" hits="0"/>
						<line number="5242" hits="0"/>
						<line number="5243" hits="0"/>
						<line number="5245" hits="0"/>
						<line number="5246" hits="0"/>
						<line number="5248" hits="0"/>
						<line number="5252" hits="1"/>
						<line number="5261" hits="1"/>
						<line number="5263" hits="0"/>
						<line number="5264" hits="0"/>
						<line number="5265" hits="0"/>
						<line number="5267" hits="0"/>
						<line number="5269" hits="0"/>
						<line number="5270" hits="0"/>
						<line number="5273" hits="0"/>
						<line number="5274" hits="0"/>
						<line number="5275" hits="0"/>
						<line number="5278" hits="0"/>
						<line number="5280" hits="0"/>
						<line number="5282" hits="0"/>
						<line number="5285" hits="0"/>
						<line number="5287" hits="1"/>
						<line number="5296" hits="1"/>
						<line number="5298" hits="0"/>
						<line number="5299" hits="0"/>
						<line number="5300" hits="0"/>
						<line number="5302" hits="0"/>
						<line number="5304" hits="0"/>
						<line number="5305" hits="0"/>
						<line number="5308" hits="0"/>
						<line number="5309" hits="0"/>
						<line number="5310" hits="0"/>
						<line number="5312" hits="0"/>
						<line number="5314" hits="0"/>
						<line number="5316" hits="0"/>
						<line number="5317" hits="0"/>
						<line number="5318" hits="0"/>
						<line number="5319" hits="0"/>
						<line number="5320" hits="0"/>
						<line number="5323" hits="0"/>
						<line number="5326" hits="0"/>
						<line number="5328" hits="1"/>
						<line number="5334" hits="1"/>
						<line number="5336" hits="0"/>
						<line number="5337" hits="0"/>
						<line number="5338" hits="0"/>
						<line number="5340" hits="0"/>
						<line number="5342" hits="0"/>
						<line number="5343" hits="0"/>
						<line number="5345" hits="0"/>
						<line number="5346" hits="0"/>
						<line number="5347" hits="0"/>
						<line number="5349" hits="0"/>
						<line number="5353" hits="0"/>
						<line number="5356" hits="0"/>
						<line number="5360" hits="1"/>
						<line number="5366" hits="1"/>
						<line number="5368" hits="0"/>
						<line number="5369" hits="0"/>
						<line number="5370" hits="0"/>
						<line number="5372" hits="0"/>
						<line number="5374" hits="0"/>
						<line number="5375" hits="0"/>
						<line number="5378" hits="0"/>
						<line number="5380" hits="0"/>
						<line number="5381" hits="0"/>
						<line number="5383" hits="0"/>
						<line number="5386" hits="0"/>
						<line number="5388" hits="1"/>
						<line number="5394" hits="1"/>
						<line number="5396" hits="0"/>
						<line number="5397" hits="0"/>
						<line number="5398" hits="0"/>
						<line number="5400" hits="0"/>
						<line number="5402" hits="0"/>
						<line number="5403" hits="0"/>
						<line number="5406" hits="0"/>
						<line number="5407" hits="0"/>
						<line number="5409" hits="0"/>
						<line number="5411" hits="0"/>
						<line number="5413" hits="1"/>
						<line number="5419" hits="1"/>
						<line number="5421" hits="0"/>
						<line number="5422" hits="0"/>
						<line number="5423" hits="0"/>
						<line number="5425" hits="0"/>
						<line number="5427" hits="0"/>
						<line number="5428" hits="0"/>
						<line number="5431" hits="0"/>
						<line number="5432" hits="0"/>
						<line number="5434" hits="0"/>
						<line number="5436" hits="0"/>
						<line number="5438" hits="1"/>
						<line number="5444" hits="1"/>
						<line number="5446" hits="0"/>
						<line number="5447" hits="0"/>
						<line number="5448" hits="0"/>
						<line number="5450" hits="0"/>
						<line number="5452" hits="0"/>
						<line number="5453" hits="0"/>
						<line number="5456" hits="0"/>
						<line number="5457" hits="0"/>
						<line number="5459" hits="0"/>
						<line number="5461" hits="0"/>
						<line number="5462" hits="0"/>
						<line number="5464" hits="0"/>
						<line number="5465" hits="0"/>
						<line number="5468" hits="0"/>
						<line number="5474" hits="0"/>
						<line number="5478" hits="1"/>
						<line number="5484" hits="1"/>
						<line number="5486" hits="0"/>
						<line number="5487" hits="0"/>
						<line number="5488" hits="0"/>
						<line number="5490" hits="0"/>
						<line number="5492" hits="0"/>
						<line number="5493" hits="0"/>
						<line number="5496" hits="0"/>
						<line number="5498" hits="0"/>
						<line number="5500" hits="0"/>
						<line number="5501" hits="0"/>
						<line number="5509" hits="0"/>
						<line number="5510" hits="0"/>
						<line number="5511" hits="0"/>
						<line number="5513" hits="0"/>
						<line number="5515" hits="0"/>
						<line number="5517" hits="0"/>
						<line number="5519" hits="0"/>
						<line number="5522" hits="0"/>
						<line number="5523" hits="0"/>
						<line number="5524" hits="0"/>
						<line number="5526" hits="0"/>
						<line number="5531" hits="0"/>
						<line number="5534" hits="0"/>
						<line number="5536" hits="0"/>
						<line number="5539" hits="0"/>
						<line number="5541" hits="1"/>
						<line number="5547" hits="1"/>
						<line number="5549" hits="0"/>
						<line number="5550" hits="0"/>
						<line number="5551" hits="0"/>
						<line number="5553" hits="0"/>
						<line number="5554" hits="0"/>
						<line number="5556" hits="0"/>
						<line number="5558" hits="0"/>
						<line number="5559" hits="0"/>
						<line number="5561" hits="0"/>
						<line number="5562" hits="0"/>
						<line number="5563" hits="0"/>
						<line number="5564" hits="0"/>
						<line number="5566" hits="0"/>
						<line number="5569" hits="0"/>
						<line number="5571" hits="1"/>
						<line number="5577" hits="1"/>
						<line number="5579" hits="0"/>
						<line number="5580" hits="0"/>
						<line number="5581" hits="0"/>
						<line number="5583" hits="0"/>
						<line number="5584" hits="0"/>
						<line number="5586" hits="0"/>
						<line number="5588" hits="0"/>
						<line number="5589" hits="0"/>
						<line number="5591" hits="0"/>
						<line number="5592" hits="0"/>
						<line number="5593" hits="0"/>
						<line number="5594" hits="0"/>
						<line number="5596" hits="0"/>
						<line number="5599" hits="0"/>
						<line number="5602" hits="1"/>
						<line number="5609" hits="0"/>
						<line number="5610" hits="0"/>
						<line number="5611" hits="0"/>
						<line number="5612" hits="0"/>
						<line number="5614" hits="0"/>
						<line number="5615" hits="0"/>
						<line number="5616" hits="0"/>
						<line number="5617" hits="0"/>
						<line number="5618" hits="0"/>
						<line number="5619" hits="0"/>
						<line number="5620" hits="0"/>
						<line number="5622" hits="1"/>
						<line number="5629" hits="0"/>
						<line number="5630" hits="0"/>
						<line number="5631" hits="0"/>
						<line number="5632" hits="0"/>
						<line number="5633" hits="0"/>
						<line number="5634" hits="0"/>
						<line number="5635" hits="0"/>
						<line number="5636" hits="0"/>
						<line number="5637" hits="0"/>
						<line number="5638" hits="0"/>
						<line number="5639" hits="0"/>
						<line number="5640" hits="0"/>
						<line number="5641" hits="0"/>
						<line number="5642" hits="0"/>
						<line number="5644" hits="1"/>
						<line number="5653" hits="1"/>
						<line number="5655" hits="1"/>
						<line number="5657" hits="0"/>
						<line number="5661" hits="0"/>
						<line number="5665" hits="0"/>
						<line number="5669" hits="0"/>
						<line number="5672" hits="0"/>
						<line number="5674" hits="0"/>
						<line number="5680" hits="0"/>
						<line number="5694" hits="0"/>
						<line number="5696" hits="0"/>
						<line number="5704" hits="0"/>
						<line number="5712" hits="0"/>
						<line number="5719" hits="0"/>
						<line number="5723" hits="0"/>
						<line number="5727" hits="0"/>
						<line number="5730" hits="0"/>
						<line number="5732" hits="0"/>
						<line number="5738" hits="0"/>
						<line number="5741" hits="0"/>
						<line number="5743" hits="0"/>
						<line number="5749" hits="0"/>
						<line number="5763" hits="0"/>
						<line number="5765" hits="0"/>
						<line number="5773" hits="0"/>
						<line number="5776" hits="0"/>
						<line number="5778" hits="0"/>
						<line number="5784" hits="0"/>
						<line number="5787" hits="0"/>
						<line number="5789" hits="0"/>
						<line number="5796" hits="0"/>
						<line number="5800" hits="0"/>
						<line number="5804" hits="0"/>
						<line number="5807" hits="0"/>
						<line number="5809" hits="0"/>
						<line number="5815" hits="0"/>
						<line number="5819" hits="0"/>
						<line number="5821" hits="0"/>
						<line number="5828" hits="0"/>
						<line number="5832" hits="0"/>
						<line number="5836" hits="0"/>
						<line number="5841" hits="0"/>
						<line number="5842" hits="0"/>
						<line number="5844" hits="0"/>
						<line number="5850" hits="0"/>
						<line number="5853" hits="0"/>
						<line number="5854" hits="0"/>
						<line number="5856" hits="0"/>
						<line number="5859" hits="0"/>
						<line number="5862" hits="0"/>
						<line number="5863" hits="0"/>
						<line number="5865" hits="0"/>
						<line number="5868" hits="0"/>
						<line number="5871" hits="0"/>
						<line number="5872" hits="0"/>
						<line number="5874" hits="0"/>
						<line number="5877" hits="0"/>
						<line number="5879" hits="0"/>
						<line number="5882" hits="0"/>
						<line number="5885" hits="0"/>
						<line number="5886" hits="0"/>
						<line number="5888" hits="0"/>
						<line number="5891" hits="0"/>
						<line number="5894" hits="0"/>
						<line number="5895" hits="0"/>
						<line number="5897" hits="0"/>
						<line number="5900" hits="0"/>
						<line number="5902" hits="0"/>
						<line number="5905" hits="0"/>
						<line number="5906" hits="0"/>
						<line number="5910" hits="0"/>
						<line number="5914" hits="0"/>
						<line number="5917" hits="0"/>
						<line number="5919" hits="1"/>
						<line number="5922" hits="0"/>
						<line number="5928" hits="0"/>
						<line number="5930" hits="0"/>
						<line number="5931" hits="0"/>
						<line number="5932" hits="0"/>
						<line number="5933" hits="0"/>
						<line number="5934" hits="0"/>
						<line number="5935" hits="0"/>
						<line number="5936" hits="0"/>
						<line number="5937" hits="0"/>
						<line number="5938" hits="0"/>
						<line number="5939" hits="0"/>
						<line number="5942" hits="0"/>
						<line number="5943" hits="0"/>
						<line number="5944" hits="0"/>
						<line number="5945" hits="0"/>
						<line number="5946" hits="0"/>
						<line number="5947" hits="0"/>
						<line number="5948" hits="0"/>
						<line number="5949" hits="0"/>
						<line number="5950" hits="0"/>
						<line number="5951" hits="0"/>
						<line number="5954" hits="0"/>
						<line number="5960" hits="1"/>
						<line number="5963" hits="0"/>
						<line number="5964" hits="0"/>
						<line number="5965" hits="0"/>
						<line number="5970" hits="0"/>
						<line number="5971" hits="0"/>
						<line number="5972" hits="0"/>
						<line number="5973" hits="0"/>
						<line number="5974" hits="0"/>
						<line number="5977" hits="0"/>
						<line number="5978" hits="0"/>
						<line number="5983" hits="0"/>
						<line number="5984" hits="0"/>
						<line number="5989" hits="0"/>
						<line number="5990" hits="0"/>
						<line number="5994" hits="1"/>
						<line number="5996" hits="0"/>
						<line number="5998" hits="0"/>
						<line number="5999" hits="0"/>
						<line number="6000" hits="0"/>
						<line number="6001" hits="0"/>
						<line number="6002" hits="0"/>
						<line number="6004" hits="0"/>
						<line number="6005" hits="0"/>
						<line number="6006" hits="0"/>
						<line number="6007" hits="0"/>
						<line number="6008" hits="0"/>
						<line number="6009" hits="0"/>
						<line number="6010" hits="0"/>
						<line number="6012" hits="1"/>
						<line number="6014" hits="0"/>
						<line number="6015" hits="0"/>
						<line number="6016" hits="0"/>
						<line number="6017" hits="0"/>
						<line number="6019" hits="1"/>
						<line number="6021" hits="0"/>
						<line number="6022" hits="0"/>
						<line number="6024" hits="1"/>
						<line number="6026" hits="0"/>
						<line number="6027" hits="0"/>
						<line number="6028" hits="0"/>
						<line number="6031" hits="0"/>
						<line number="6032" hits="0"/>
						<line number="6033" hits="0"/>
						<line number="6035" hits="1"/>
						<line number="6038" hits="0"/>
						<line number="6045" hits="1"/>
						<line number="6047" hits="0"/>
						<line number="6048" hits="0"/>
						<line number="6049" hits="0"/>
						<line number="6052" hits="0"/>
						<line number="6059" hits="1"/>
						<line number="6061" hits="0"/>
						<line number="6062" hits="0"/>
						<line number="6063" hits="0"/>
						<line number="6066" hits="0"/>
						<line number="6072" hits="0"/>
						<line number="6073" hits="0"/>
						<line number="6075" hits="0"/>
						<line number="6076" hits="0"/>
						<line number="6077" hits="0"/>
						<line number="6078" hits="0"/>
						<line number="6079" hits="0"/>
						<line number="6081" hits="0"/>
						<line number="6082" hits="0"/>
						<line number="6083" hits="0"/>
						<line number="6084" hits="0"/>
						<line number="6086" hits="0"/>
						<line number="6091" hits="0"/>
						<line number="6092" hits="0"/>
						<line number="6093" hits="0"/>
						<line number="6094" hits="0"/>
						<line number="6096" hits="0"/>
						<line number="6102" hits="1"/>
						<line number="6105" hits="0"/>
						<line number="6112" hits="0"/>
						<line number="6113" hits="0"/>
						<line number="6115" hits="0"/>
						<line number="6116" hits="0"/>
						<line number="6117" hits="0"/>
						<line number="6118" hits="0"/>
						<line number="6119" hits="0"/>
						<line number="6122" hits="0"/>
						<line number="6123" hits="0"/>
						<line number="6124" hits="0"/>
						<line number="6125" hits="0"/>
						<line number="6126" hits="0"/>
						<line number="6128" hits="0"/>
						<line number="6130" hits="0"/>
						<line number="6131" hits="0"/>
						<line number="6132" hits="0"/>
						<line number="6133" hits="0"/>
						<line number="6135" hits="0"/>
						<line number="6142" hits="0"/>
						<line number="6143" hits="0"/>
						<line number="6144" hits="0"/>
						<line number="6145" hits="0"/>
						<line number="6147" hits="0"/>
						<line number="6153" hits="1"/>
						<line number="6155" hits="0"/>
						<line number="6156" hits="0"/>
						<line number="6157" hits="0"/>
						<line number="6159" hits="0"/>
						<line number="6161" hits="0"/>
						<line number="6162" hits="0"/>
						<line number="6163" hits="0"/>
						<line number="6164" hits="0"/>
						<line number="6165" hits="0"/>
						<line number="6166" hits="0"/>
						<line number="6167" hits="0"/>
						<line number="6170" hits="0"/>
						<line number="6178" hits="0"/>
						<line number="6179" hits="0"/>
						<line number="6181" hits="0"/>
						<line number="6182" hits="0"/>
						<line number="6183" hits="0"/>
						<line number="6184" hits="0"/>
						<line number="6187" hits="0"/>
						<line number="6192" hits="0"/>
						<line number="6193" hits="0"/>
						<line number="6194" hits="0"/>
						<line number="6195" hits="0"/>
						<line number="6197" hits="0"/>
					</lines>
				</class>
			</classes>
		</package>
	</packages>
</coverage>
